#
# A fatal error has been detected by the Java Runtime Environment:
#
#  EXCEPTION_ACCESS_VIOLATION (0xc0000005) at pc=0x619489b6, pid=6404, tid=0x00002778
#
# JRE version: Java(TM) SE Runtime Environment (8.0_111-b14) (build 1.8.0_111-b14)
# Java VM: Java HotSpot(TM) Client VM (25.111-b14 mixed mode windows-x86 )
# Problematic frame:
# C  [listSerialsj.dll+0x89b6]
#
# Failed to write core dump. Minidumps are not enabled by default on client versions of Windows
#
# If you would like to submit a bug report, please visit:
#   http://bugreport.java.com/bugreport/crash.jsp
# The crash happened outside the Java Virtual Machine in native code.
# See problematic frame for where to report the bug.
#

---------------  T H R E A D  ---------------

Current thread (0x27b7fc00):  JavaThread "cc.arduino.packages.discoverers.serial.SerialBoardsLister" [_thread_in_native, id=10104, stack(0x28580000,0x285d0000)]

siginfo: ExceptionCode=0xc0000005, writing address 0x0000004b

Registers:
EAX=0x00000000, EBX=0x00000000, ECX=0x65884540, EDX=0x00000000
ESP=0x285ce6d0, EBP=0x296ef070, ESI=0x0000004b, EDI=0x74d65f80
EIP=0x619489b6, EFLAGS=0x00010202

Top of Stack: (sp=0x285ce6d0)
0x285ce6d0:   0000fde9 00000000 296ef070 ffffffff
0x285ce6e0:   00000000 0000004b 00000000 00000000
0x285ce6f0:   0000009e 296ef068 0000009e 296e70c0
0x285ce700:   00000a68 00000002 285ce768 61948d53
0x285ce710:   00000a68 00220414 296ef068 0000009e
0x285ce720:   296ef068 0000009e 285ce768 00000000
0x285ce730:   00000000 74d6a220 6194da6f 00000001
0x285ce740:   296e5f70 00000006 00000001 296ef068 

Instructions: (pc=0x619489b6)
0x61948996:   89 44 24 10 c7 44 24 0c ff ff ff ff c7 44 24 04
0x619489a6:   00 00 00 00 c7 04 24 e9 fd 00 00 ff d7 83 ec 20
0x619489b6:   c6 04 33 00 89 d8 83 c4 2c 5b 5e 5f 5d c3 8d b6
0x619489c6:   00 00 00 00 8d bf 00 00 00 00 57 56 89 ce 53 b9 


Register to memory mapping:

EAX=0x00000000 is an unknown value
EBX=0x00000000 is an unknown value
ECX=0x65884540 is an unknown value
EDX=0x00000000 is an unknown value
ESP=0x285ce6d0 is pointing into the stack for thread: 0x27b7fc00
EBP=0x296ef070 is an unknown value
ESI=0x0000004b is an unknown value
EDI=0x74d65f80 is an unknown value


Stack: [0x28580000,0x285d0000],  sp=0x285ce6d0,  free space=313k
Native frames: (J=compiled Java code, j=interpreted, Vv=VM code, C=native code)
C  [listSerialsj.dll+0x89b6]

Java frames: (J=compiled Java code, j=interpreted, Vv=VM code)
j  processing.app.Platform.resolveDeviceAttachedToNative(Ljava/lang/String;)Ljava/lang/String;+0
J 19762 C1 processing.app.Platform.resolveDeviceByVendorIdProductId(Ljava/lang/String;Ljava/util/Map;)Ljava/util/Map; (473 bytes) @ 0x02ff0b10 [0x02ff0a30+0xe0]
J 15005 C1 cc.arduino.packages.discoverers.serial.SerialBoardsLister.retriggerDiscovery(Z)V (751 bytes) @ 0x02cbc0a4 [0x02cbb990+0x714]
J 15008 C1 cc.arduino.packages.discoverers.serial.SerialBoardsLister.run()V (13 bytes) @ 0x02ce1494 [0x02ce1450+0x44]
J 3713% C1 java.util.TimerThread.mainLoop()V (232 bytes) @ 0x02ff9c54 [0x02ff9820+0x434]
j  java.util.TimerThread.run()V+1
v  ~StubRoutines::call_stub

---------------  P R O C E S S  ---------------

Java Threads: ( => current thread )
  0x27bf4000 JavaThread "JmDNS(DESKTOP-7F28VGK-home.local.).Timer" daemon [_thread_blocked, id=1188, stack(0x618c0000,0x61910000)]
  0x27bf4c00 JavaThread "JmDNS(DESKTOP-7F28VGK-home.local.).State.Timer" [_thread_blocked, id=9312, stack(0x523d0000,0x52420000)]
  0x27bf3800 JavaThread "JmDNS(DESKTOP-7F28VGK-home.local.).Timer" daemon [_thread_blocked, id=15376, stack(0x29b10000,0x29b60000)]
  0x27bf3400 JavaThread "SocketListener(DESKTOP-7F28VGK-home.local.)" daemon [_thread_in_native, id=7388, stack(0x27890000,0x278e0000)]
  0x28074400 JavaThread "JmDNS(DESKTOP-7F28VGK.local.).Timer" daemon [_thread_blocked, id=10864, stack(0x27420000,0x27470000)]
  0x28073800 JavaThread "JmDNS(DESKTOP-7F28VGK.local.).State.Timer" [_thread_blocked, id=16812, stack(0x27390000,0x273e0000)]
  0x28075400 JavaThread "JmDNS(DESKTOP-7F28VGK.local.).Timer" daemon [_thread_blocked, id=17288, stack(0x27300000,0x27350000)]
  0x28073000 JavaThread "SocketListener(DESKTOP-7F28VGK.local.)" daemon [_thread_in_native, id=21680, stack(0x27170000,0x271c0000)]
  0x28075000 JavaThread "JmDNS(DESKTOP-7F28VGK.local.).Timer" daemon [_thread_blocked, id=29324, stack(0x26a50000,0x26aa0000)]
  0x28074800 JavaThread "JmDNS(DESKTOP-7F28VGK.local.).State.Timer" [_thread_blocked, id=4604, stack(0x269c0000,0x26a10000)]
  0x28079c00 JavaThread "JmDNS(DESKTOP-7F28VGK.local.).Timer" daemon [_thread_blocked, id=23888, stack(0x26930000,0x26980000)]
  0x28078c00 JavaThread "SocketListener(DESKTOP-7F28VGK.local.)" daemon [_thread_in_native, id=21980, stack(0x26670000,0x266c0000)]
  0x28075c00 JavaThread "JmDNS(fe80:0:0:0:860:f1b8:ea4c:f013%eth2.local.).Timer" daemon [_thread_blocked, id=16424, stack(0x04d30000,0x04d80000)]
  0x28079400 JavaThread "JmDNS(fe80:0:0:0:860:f1b8:ea4c:f013%eth2.local.).State.Timer" [_thread_blocked, id=16420, stack(0x02a50000,0x02aa0000)]
  0x2807a800 JavaThread "JmDNS(fe80:0:0:0:860:f1b8:ea4c:f013%eth2.local.).Timer" daemon [_thread_blocked, id=12604, stack(0x02840000,0x02890000)]
  0x28078800 JavaThread "SocketListener(fe80:0:0:0:860:f1b8:ea4c:f013%eth2.local.)" daemon [_thread_in_native, id=16416, stack(0x01000000,0x01050000)]
  0x28077c00 JavaThread "DestroyJavaVM" [_thread_blocked, id=9240, stack(0x02ab0000,0x02b00000)]
  0x28077400 JavaThread "TimerQueue" daemon [_thread_blocked, id=6224, stack(0x29cc0000,0x29d10000)]
  0x27bf6000 JavaThread "Batik CleanerThread" daemon [_thread_blocked, id=6512, stack(0x28df0000,0x28e40000)]
  0x27bf5400 JavaThread "AWT-EventQueue-0" [_thread_blocked, id=2868, stack(0x28d20000,0x28d70000)]
  0x27b80c00 JavaThread "cc.arduino.packages.discoverers.network.BoardReachabilityFilter" [_thread_blocked, id=7956, stack(0x286a0000,0x286f0000)]
  0x27b80000 JavaThread "cc.arduino.packages.discoverers.network.NetworkChecker" [_thread_blocked, id=5588, stack(0x28610000,0x28660000)]
=>0x27b7fc00 JavaThread "cc.arduino.packages.discoverers.serial.SerialBoardsLister" [_thread_in_native, id=10104, stack(0x28580000,0x285d0000)]
  0x2612d000 JavaThread "AWT-Windows" daemon [_thread_in_native, id=8964, stack(0x265e0000,0x26630000)]
  0x2612c800 JavaThread "AWT-Shutdown" [_thread_blocked, id=8696, stack(0x26550000,0x265a0000)]
  0x2612c000 JavaThread "Java2D Disposer" daemon [_thread_blocked, id=8988, stack(0x264c0000,0x26510000)]
  0x257e0000 JavaThread "Service Thread" daemon [_thread_blocked, id=2700, stack(0x25db0000,0x25e00000)]
  0x257ed800 JavaThread "C1 CompilerThread0" daemon [_thread_blocked, id=9016, stack(0x25d20000,0x25d70000)]
  0x257ec000 JavaThread "Attach Listener" daemon [_thread_blocked, id=9020, stack(0x25c90000,0x25ce0000)]
  0x257e8400 JavaThread "Signal Dispatcher" daemon [_thread_blocked, id=6292, stack(0x25c00000,0x25c50000)]
  0x257cb400 JavaThread "Finalizer" daemon [_thread_blocked, id=8588, stack(0x25a80000,0x25ad0000)]
  0x257b5800 JavaThread "Reference Handler" daemon [_thread_blocked, id=10192, stack(0x259f0000,0x25a40000)]

Other Threads:
  0x02a0d800 VMThread [stack: 0x25760000,0x257b0000] [id=9000]
  0x2580f800 WatcherThread [stack: 0x25e40000,0x25e90000] [id=8516]

VM state:not at safepoint (normal execution)

VM Mutex/Monitor currently owned by a thread: None

Heap:
 def new generation   total 39424K, used 25019K [0x04e00000, 0x078c0000, 0x0f8a0000)
  eden space 35072K,  71% used [0x04e00000, 0x0666cf30, 0x07040000)
  from space 4352K,   0% used [0x07040000, 0x07041f88, 0x07480000)
  to   space 4352K,   0% used [0x07480000, 0x07480000, 0x078c0000)
 tenured generation   total 87424K, used 39713K [0x0f8a0000, 0x14e00000, 0x24e00000)
   the space 87424K,  45% used [0x0f8a0000, 0x11f68568, 0x11f68600, 0x14e00000)
 Metaspace       used 19111K, capacity 19544K, committed 19712K, reserved 19840K

Card table byte_map: [0x24e00000,0x24f10000] byte_map_base: 0x24dd9000

Polling page: 0x00f90000

CodeCache: size=32768Kb used=2001Kb max_used=4655Kb free=30766Kb
 bounds [0x02bd0000, 0x03060000, 0x04bd0000]
 total_blobs=1112 nmethods=829 adapters=211
 compilation: enabled

Compilation events (10 events):
Event: 2868254.035 Thread 0x257ed800 20121             javax.swing.text.BoxView::paint (249 bytes)
Event: 2868254.036 Thread 0x257ed800 nmethod 20121 0x02d98548 code [0x02d986a0, 0x02d989f0]
Event: 2868254.039 Thread 0x257ed800 20122             javax.swing.text.Utilities::drawTabbedText (409 bytes)
Event: 2868254.042 Thread 0x257ed800 nmethod 20122 0x02f9ee48 code [0x02f9f030, 0x02f9f9e8]
Event: 2868254.059 Thread 0x257ed800 20123             org.fife.ui.rsyntaxtextarea.SyntaxView::drawLine (126 bytes)
Event: 2868254.061 Thread 0x257ed800 nmethod 20123 0x02e589c8 code [0x02e58b50, 0x02e58f14]
Event: 2868435.261 Thread 0x257ed800 20124   !         java.lang.ref.ReferenceQueue::enqueue (119 bytes)
Event: 2868435.262 Thread 0x257ed800 nmethod 20124 0x02cb85c8 code [0x02cb86e0, 0x02cb8a2c]
Event: 2878545.426 Thread 0x257ed800 20125   !         javax.jmdns.impl.DNSTaskStarter$Factory::getInstance (42 bytes)
Event: 2878545.427 Thread 0x257ed800 nmethod 20125 0x02c89588 code [0x02c896a0, 0x02c8997c]

GC Heap History (10 events):
Event: 3010123.568 GC heap before
{Heap before GC invocations=107626 (full 2):
 def new generation   total 39424K, used 35074K [0x04e00000, 0x078c0000, 0x0f8a0000)
  eden space 35072K, 100% used [0x04e00000, 0x07040000, 0x07040000)
  from space 4352K,   0% used [0x07480000, 0x07480ae0, 0x078c0000)
  to   space 4352K,   0% used [0x07040000, 0x07040000, 0x07480000)
 tenured generation   total 87424K, used 39713K [0x0f8a0000, 0x14e00000, 0x24e00000)
   the space 87424K,  45% used [0x0f8a0000, 0x11f68568, 0x11f68600, 0x14e00000)
 Metaspace       used 19111K, capacity 19544K, committed 19712K, reserved 19840K
Event: 3010123.569 GC heap after
Heap after GC invocations=107627 (full 2):
 def new generation   total 39424K, used 2K [0x04e00000, 0x078c0000, 0x0f8a0000)
  eden space 35072K,   0% used [0x04e00000, 0x04e00000, 0x07040000)
  from space 4352K,   0% used [0x07040000, 0x07040ae0, 0x07480000)
  to   space 4352K,   0% used [0x07480000, 0x07480000, 0x078c0000)
 tenured generation   total 87424K, used 39713K [0x0f8a0000, 0x14e00000, 0x24e00000)
   the space 87424K,  45% used [0x0f8a0000, 0x11f68568, 0x11f68600, 0x14e00000)
 Metaspace       used 19111K, capacity 19544K, committed 19712K, reserved 19840K
}
Event: 3010162.061 GC heap before
{Heap before GC invocations=107627 (full 2):
 def new generation   total 39424K, used 35074K [0x04e00000, 0x078c0000, 0x0f8a0000)
  eden space 35072K, 100% used [0x04e00000, 0x07040000, 0x07040000)
  from space 4352K,   0% used [0x07040000, 0x07040ae0, 0x07480000)
  to   space 4352K,   0% used [0x07480000, 0x07480000, 0x078c0000)
 tenured generation   total 87424K, used 39713K [0x0f8a0000, 0x14e00000, 0x24e00000)
   the space 87424K,  45% used [0x0f8a0000, 0x11f68568, 0x11f68600, 0x14e00000)
 Metaspace       used 19111K, capacity 19544K, committed 19712K, reserved 19840K
Event: 3010162.062 GC heap after
Heap after GC invocations=107628 (full 2):
 def new generation   total 39424K, used 2K [0x04e00000, 0x078c0000, 0x0f8a0000)
  eden space 35072K,   0% used [0x04e00000, 0x04e00000, 0x07040000)
  from space 4352K,   0% used [0x07480000, 0x07480ad8, 0x078c0000)
  to   space 4352K,   0% used [0x07040000, 0x07040000, 0x07480000)
 tenured generation   total 87424K, used 39713K [0x0f8a0000, 0x14e00000, 0x24e00000)
   the space 87424K,  45% used [0x0f8a0000, 0x11f68568, 0x11f68600, 0x14e00000)
 Metaspace       used 19111K, capacity 19544K, committed 19712K, reserved 19840K
}
Event: 3010201.045 GC heap before
{Heap before GC invocations=107628 (full 2):
 def new generation   total 39424K, used 35074K [0x04e00000, 0x078c0000, 0x0f8a0000)
  eden space 35072K, 100% used [0x04e00000, 0x07040000, 0x07040000)
  from space 4352K,   0% used [0x07480000, 0x07480ad8, 0x078c0000)
  to   space 4352K,   0% used [0x07040000, 0x07040000, 0x07480000)
 tenured generation   total 87424K, used 39713K [0x0f8a0000, 0x14e00000, 0x24e00000)
   the space 87424K,  45% used [0x0f8a0000, 0x11f68568, 0x11f68600, 0x14e00000)
 Metaspace       used 19111K, capacity 19544K, committed 19712K, reserved 19840K
Event: 3010201.048 GC heap after
Heap after GC invocations=107629 (full 2):
 def new generation   total 39424K, used 3K [0x04e00000, 0x078c0000, 0x0f8a0000)
  eden space 35072K,   0% used [0x04e00000, 0x04e00000, 0x07040000)
  from space 4352K,   0% used [0x07040000, 0x07040e30, 0x07480000)
  to   space 4352K,   0% used [0x07480000, 0x07480000, 0x078c0000)
 tenured generation   total 87424K, used 39713K [0x0f8a0000, 0x14e00000, 0x24e00000)
   the space 87424K,  45% used [0x0f8a0000, 0x11f68568, 0x11f68600, 0x14e00000)
 Metaspace       used 19111K, capacity 19544K, committed 19712K, reserved 19840K
}
Event: 3010239.639 GC heap before
{Heap before GC invocations=107629 (full 2):
 def new generation   total 39424K, used 35075K [0x04e00000, 0x078c0000, 0x0f8a0000)
  eden space 35072K, 100% used [0x04e00000, 0x07040000, 0x07040000)
  from space 4352K,   0% used [0x07040000, 0x07040e30, 0x07480000)
  to   space 4352K,   0% used [0x07480000, 0x07480000, 0x078c0000)
 tenured generation   total 87424K, used 39713K [0x0f8a0000, 0x14e00000, 0x24e00000)
   the space 87424K,  45% used [0x0f8a0000, 0x11f68568, 0x11f68600, 0x14e00000)
 Metaspace       used 19111K, capacity 19544K, committed 19712K, reserved 19840K
Event: 3010239.640 GC heap after
Heap after GC invocations=107630 (full 2):
 def new generation   total 39424K, used 3K [0x04e00000, 0x078c0000, 0x0f8a0000)
  eden space 35072K,   0% used [0x04e00000, 0x04e00000, 0x07040000)
  from space 4352K,   0% used [0x07480000, 0x07480ca0, 0x078c0000)
  to   space 4352K,   0% used [0x07040000, 0x07040000, 0x07480000)
 tenured generation   total 87424K, used 39713K [0x0f8a0000, 0x14e00000, 0x24e00000)
   the space 87424K,  45% used [0x0f8a0000, 0x11f68568, 0x11f68600, 0x14e00000)
 Metaspace       used 19111K, capacity 19544K, committed 19712K, reserved 19840K
}
Event: 3010278.665 GC heap before
{Heap before GC invocations=107630 (full 2):
 def new generation   total 39424K, used 35075K [0x04e00000, 0x078c0000, 0x0f8a0000)
  eden space 35072K, 100% used [0x04e00000, 0x07040000, 0x07040000)
  from space 4352K,   0% used [0x07480000, 0x07480ca0, 0x078c0000)
  to   space 4352K,   0% used [0x07040000, 0x07040000, 0x07480000)
 tenured generation   total 87424K, used 39713K [0x0f8a0000, 0x14e00000, 0x24e00000)
   the space 87424K,  45% used [0x0f8a0000, 0x11f68568, 0x11f68600, 0x14e00000)
 Metaspace       used 19111K, capacity 19544K, committed 19712K, reserved 19840K
Event: 3010278.666 GC heap after
Heap after GC invocations=107631 (full 2):
 def new generation   total 39424K, used 7K [0x04e00000, 0x078c0000, 0x0f8a0000)
  eden space 35072K,   0% used [0x04e00000, 0x04e00000, 0x07040000)
  from space 4352K,   0% used [0x07040000, 0x07041f88, 0x07480000)
  to   space 4352K,   0% used [0x07480000, 0x07480000, 0x078c0000)
 tenured generation   total 87424K, used 39713K [0x0f8a0000, 0x14e00000, 0x24e00000)
   the space 87424K,  45% used [0x0f8a0000, 0x11f68568, 0x11f68600, 0x14e00000)
 Metaspace       used 19111K, capacity 19544K, committed 19712K, reserved 19840K
}

Deoptimization events (0 events):
No events

Internal exceptions (10 events):
Event: 2496824.471 Thread 0x27bf6c00 Exception <a 'java/net/SocketException': socket closed> (0x062b6f48) thrown at [C:\re\workspace\8-2-build-windows-i586-cygwin\jdk8u111\7883\hotspot\src\share\vm\prims\jni.cpp, line 735]
Event: 2721571.804 Thread 0x27b7fc00 Exception <a 'java/net/UnknownHostException': api-builder.arduino.cc> (0x06e20b70) thrown at [C:\re\workspace\8-2-build-windows-i586-cygwin\jdk8u111\7883\hotspot\src\share\vm\prims\jni.cpp, line 735]
Event: 2721581.285 Thread 0x27b80000 Exception <a 'java/net/SocketException': error setting options> (0x06d56528) thrown at [C:\re\workspace\8-2-build-windows-i586-cygwin\jdk8u111\7883\hotspot\src\share\vm\prims\jni.cpp, line 735]
Event: 2821875.266 Thread 0x28074800 Exception <a 'java/net/SocketException': socket closed> (0x066b7548) thrown at [C:\re\workspace\8-2-build-windows-i586-cygwin\jdk8u111\7883\hotspot\src\share\vm\prims\jni.cpp, line 735]
Event: 2821876.169 Thread 0x27b7fc00 Exception <a 'java/net/UnknownHostException': api-builder.arduino.cc> (0x067f54b0) thrown at [C:\re\workspace\8-2-build-windows-i586-cygwin\jdk8u111\7883\hotspot\src\share\vm\prims\jni.cpp, line 735]
Event: 2821887.596 Thread 0x27b80000 Exception <a 'java/net/SocketException': error setting options> (0x06733a00) thrown at [C:\re\workspace\8-2-build-windows-i586-cygwin\jdk8u111\7883\hotspot\src\share\vm\prims\jni.cpp, line 735]
Event: 2821896.755 Thread 0x27b80000 Exception <a 'java/net/SocketException': error setting options> (0x069fd800) thrown at [C:\re\workspace\8-2-build-windows-i586-cygwin\jdk8u111\7883\hotspot\src\share\vm\prims\jni.cpp, line 735]
Event: 2949732.366 Thread 0x27b7fc00 Exception <a 'java/net/UnknownHostException': api-builder.arduino.cc> (0x05c86128) thrown at [C:\re\workspace\8-2-build-windows-i586-cygwin\jdk8u111\7883\hotspot\src\share\vm\prims\jni.cpp, line 735]
Event: 2949739.350 Thread 0x27b80000 Exception <a 'java/net/SocketException': error setting options> (0x05cd8360) thrown at [C:\re\workspace\8-2-build-windows-i586-cygwin\jdk8u111\7883\hotspot\src\share\vm\prims\jni.cpp, line 735]
Event: 2949751.342 Thread 0x27b80000 Exception <a 'java/net/SocketException': error setting options> (0x05ffca70) thrown at [C:\re\workspace\8-2-build-windows-i586-cygwin\jdk8u111\7883\hotspot\src\share\vm\prims\jni.cpp, line 735]

Events (10 events):
Event: 3010123.568 Executing VM operation: GenCollectForAllocation
Event: 3010123.569 Executing VM operation: GenCollectForAllocation done
Event: 3010162.060 Executing VM operation: GenCollectForAllocation
Event: 3010162.062 Executing VM operation: GenCollectForAllocation done
Event: 3010201.045 Executing VM operation: GenCollectForAllocation
Event: 3010201.048 Executing VM operation: GenCollectForAllocation done
Event: 3010239.639 Executing VM operation: GenCollectForAllocation
Event: 3010239.640 Executing VM operation: GenCollectForAllocation done
Event: 3010278.665 Executing VM operation: GenCollectForAllocation
Event: 3010278.666 Executing VM operation: GenCollectForAllocation done


Dynamic libraries:
0x010a0000 - 0x010d3000 	C:\Program Files (x86)\Arduino\java\bin\javaw.exe
0x77d60000 - 0x77ee3000 	C:\WINDOWS\SYSTEM32\ntdll.dll
0x74d50000 - 0x74e30000 	C:\WINDOWS\System32\KERNEL32.DLL
0x77170000 - 0x77311000 	C:\WINDOWS\System32\KERNELBASE.dll
0x76a80000 - 0x76af7000 	C:\WINDOWS\System32\ADVAPI32.dll
0x76990000 - 0x76a4e000 	C:\WINDOWS\System32\msvcrt.dll
0x77cc0000 - 0x77d01000 	C:\WINDOWS\System32\sechost.dll
0x749f0000 - 0x74ab1000 	C:\WINDOWS\System32\RPCRT4.dll
0x74820000 - 0x7483e000 	C:\WINDOWS\System32\SspiCli.dll
0x74810000 - 0x7481a000 	C:\WINDOWS\System32\CRYPTBASE.dll
0x77af0000 - 0x77b4a000 	C:\WINDOWS\System32\bcryptPrimitives.dll
0x74fd0000 - 0x7512f000 	C:\WINDOWS\System32\USER32.dll
0x774b0000 - 0x774c5000 	C:\WINDOWS\System32\win32u.dll
0x76a50000 - 0x76a7b000 	C:\WINDOWS\System32\GDI32.dll
0x76e10000 - 0x76f6b000 	C:\WINDOWS\System32\gdi32full.dll
0x71fc0000 - 0x721ca000 	C:\WINDOWS\WinSxS\x86_microsoft.windows.common-controls_6595b64144ccf1df_6.0.14393.953_none_89c2555adb023171\COMCTL32.dll
0x74ac0000 - 0x74cd1000 	C:\WINDOWS\System32\combase.dll
0x76f80000 - 0x77060000 	C:\WINDOWS\System32\ucrtbase.dll
0x74d20000 - 0x74d45000 	C:\WINDOWS\System32\IMM32.DLL
0x71f00000 - 0x71fbf000 	C:\Program Files (x86)\Arduino\java\bin\msvcr100.dll
0x71b30000 - 0x71efd000 	C:\Program Files (x86)\Arduino\java\bin\client\jvm.dll
0x76f70000 - 0x76f76000 	C:\WINDOWS\System32\PSAPI.DLL
0x747c0000 - 0x747c8000 	C:\WINDOWS\SYSTEM32\WSOCK32.dll
0x73ee0000 - 0x73f04000 	C:\WINDOWS\SYSTEM32\WINMM.dll
0x747e0000 - 0x747e8000 	C:\WINDOWS\SYSTEM32\VERSION.dll
0x748c0000 - 0x74923000 	C:\WINDOWS\System32\WS2_32.dll
0x73e90000 - 0x73eb3000 	C:\WINDOWS\SYSTEM32\WINMMBASE.dll
0x74ce0000 - 0x74d16000 	C:\WINDOWS\System32\cfgmgr32.dll
0x72890000 - 0x728c1000 	C:\Program Files (x86)\Arduino\java\bin\splashscreen.dll
0x73bd0000 - 0x73c45000 	C:\WINDOWS\system32\uxtheme.dll
0x72930000 - 0x7293c000 	C:\Program Files (x86)\Arduino\java\bin\verify.dll
0x72860000 - 0x72881000 	C:\Program Files (x86)\Arduino\java\bin\java.dll
0x74e90000 - 0x74fc5000 	C:\WINDOWS\System32\MSCTF.dll
0x76b90000 - 0x76c24000 	C:\WINDOWS\System32\OLEAUT32.dll
0x74840000 - 0x748bb000 	C:\WINDOWS\System32\msvcp_win.dll
0x72680000 - 0x72693000 	C:\Program Files (x86)\Arduino\java\bin\zip.dll
0x774a0000 - 0x774ad000 	C:\WINDOWS\System32\kernel.appcore.dll
0x75540000 - 0x76919000 	C:\WINDOWS\System32\SHELL32.dll
0x77580000 - 0x77aee000 	C:\WINDOWS\System32\windows.storage.dll
0x77530000 - 0x77575000 	C:\WINDOWS\System32\powrprof.dll
0x77d10000 - 0x77d56000 	C:\WINDOWS\System32\shlwapi.dll
0x76b00000 - 0x76b88000 	C:\WINDOWS\System32\shcore.dll
0x749e0000 - 0x749ef000 	C:\WINDOWS\System32\profapi.dll
0x61940000 - 0x619b2000 	C:\Program Files (x86)\Arduino\lib\listSerialsj.dll
0x75130000 - 0x7553b000 	C:\WINDOWS\System32\SETUPAPI.dll
0x73a80000 - 0x73a93000 	C:\WINDOWS\SYSTEM32\CRYPTSP.dll
0x73a50000 - 0x73a7f000 	C:\WINDOWS\system32\rsaenh.dll
0x73ec0000 - 0x73edb000 	C:\WINDOWS\SYSTEM32\bcrypt.dll
0x74650000 - 0x7466a000 	C:\WINDOWS\SYSTEM32\USERENV.dll
0x71b10000 - 0x71b26000 	C:\Program Files (x86)\Arduino\java\bin\net.dll
0x73e30000 - 0x73e7e000 	C:\WINDOWS\system32\mswsock.dll
0x74510000 - 0x7453f000 	C:\WINDOWS\SYSTEM32\IPHLPAPI.DLL
0x76920000 - 0x76927000 	C:\WINDOWS\System32\NSI.dll
0x73720000 - 0x73733000 	C:\WINDOWS\SYSTEM32\dhcpcsvc6.DLL
0x73480000 - 0x73494000 	C:\WINDOWS\SYSTEM32\dhcpcsvc.DLL
0x72850000 - 0x7285f000 	C:\Program Files (x86)\Arduino\java\bin\nio.dll
0x71100000 - 0x7111d000 	C:\Users\passp\AppData\Local\Temp\jna-106438271\jna4658224538244980758.dll
0x76c30000 - 0x76d1a000 	C:\WINDOWS\System32\Ole32.dll
0x719a0000 - 0x71ae6000 	C:\Program Files (x86)\Arduino\java\bin\awt.dll
0x72730000 - 0x727c2000 	C:\WINDOWS\SYSTEM32\apphelp.dll
0x73ad0000 - 0x73aef000 	C:\WINDOWS\system32\dwmapi.dll
0x71960000 - 0x71999000 	C:\Program Files (x86)\Arduino\java\bin\fontmanager.dll
0x71920000 - 0x71952000 	C:\Program Files (x86)\Arduino\java\bin\t2k.dll
0x72470000 - 0x72492000 	C:\WINDOWS\SYSTEM32\DEVOBJ.dll
0x774d0000 - 0x77514000 	C:\WINDOWS\System32\WINTRUST.dll
0x77520000 - 0x7752e000 	C:\WINDOWS\System32\MSASN1.dll
0x77320000 - 0x7749d000 	C:\WINDOWS\System32\CRYPT32.dll
0x73af0000 - 0x73b6d000 	C:\WINDOWS\SYSTEM32\DNSAPI.dll
0x63560000 - 0x63568000 	C:\Program Files (x86)\National Instruments\Shared\mDNS Responder\nimdnsNSP.dll
0x63550000 - 0x6355b000 	C:\WINDOWS\SYSTEM32\nimdnsResponder.dll
0x74700000 - 0x747a3000 	C:\WINDOWS\WinSxS\x86_microsoft.vc90.crt_1fc8b3b9a1e18e3b_9.0.30729.9247_none_5090cb78bcba4a35\MSVCR90.dll
0x73a10000 - 0x73a31000 	C:\Program Files (x86)\Bonjour\mdnsNSP.dll
0x73470000 - 0x73478000 	C:\Windows\System32\rasadhlp.dll
0x739c0000 - 0x73a09000 	C:\WINDOWS\System32\fwpuclnt.dll
0x718b0000 - 0x71919000 	C:\Program Files (x86)\Arduino\msvcp100.dll
0x717f0000 - 0x718ae000 	C:\Program Files (x86)\Arduino\msvcr100.dll
0x28d70000 - 0x28da2000 	C:\Program Files (x86)\Arduino\lib\AStylej.dll
0x717c0000 - 0x717e4000 	C:\Program Files (x86)\Arduino\java\bin\dcpr.dll
0x74930000 - 0x749b4000 	C:\WINDOWS\System32\clbcatq.dll
0x71650000 - 0x717be000 	C:\WINDOWS\SYSTEM32\WindowsCodecs.dll
0x71600000 - 0x71644000 	C:\WINDOWS\system32\dataexchange.dll
0x714e0000 - 0x715f3000 	C:\WINDOWS\system32\dcomp.dll
0x712b0000 - 0x714e0000 	C:\WINDOWS\system32\d3d11.dll
0x71220000 - 0x712a3000 	C:\WINDOWS\system32\dxgi.dll
0x71120000 - 0x71211000 	C:\WINDOWS\system32\twinapi.appcore.dll
0x64000000 - 0x6401b000 	C:\Users\passp\.jssc\windows\jSSC-2.8_x86.dll
0x27200000 - 0x2723d000 	C:\WINDOWS\SYSTEM32\edputil.dll

VM Arguments:
jvm_args: -Dsun.java2d.d3d=false -Djna.nosys=true -DAPP_DIR=C:\Program Files (x86)\Arduino -Xms128M -Xmx512M 
java_command: processing.app.Base C:\Users\passp\Documents\GitHub\Zoe-Lamp\arduino\Zoe_Flash\Zoe_Flash.ino
java_class_path (initial): C:\Program Files (x86)\Arduino\lib\apple.jar;C:\Program Files (x86)\Arduino\lib\arduino-core.jar;C:\Program Files (x86)\Arduino\lib\batik-1.8.jar;C:\Program Files (x86)\Arduino\lib\batik-anim-1.8.jar;C:\Program Files (x86)\Arduino\lib\batik-awt-util-1.8.jar;C:\Program Files (x86)\Arduino\lib\batik-bridge-1.8.jar;C:\Program Files (x86)\Arduino\lib\batik-codec-1.8.jar;C:\Program Files (x86)\Arduino\lib\batik-css-1.8.jar;C:\Program Files (x86)\Arduino\lib\batik-dom-1.8.jar;C:\Program Files (x86)\Arduino\lib\batik-ext-1.8.jar;C:\Program Files (x86)\Arduino\lib\batik-gvt-1.8.jar;C:\Program Files (x86)\Arduino\lib\batik-parser-1.8.jar;C:\Program Files (x86)\Arduino\lib\batik-rasterizer-1.8.jar;C:\Program Files (x86)\Arduino\lib\batik-script-1.8.jar;C:\Program Files (x86)\Arduino\lib\batik-squiggle-1.8.jar;C:\Program Files (x86)\Arduino\lib\batik-svg-dom-1.8.jar;C:\Program Files (x86)\Arduino\lib\batik-svgpp-1.8.jar;C:\Program Files (x86)\Arduino\lib\batik-transcoder-1.8.jar;C:\Program Files (x86)\Arduino\lib\batik-util-1.8.jar;C:\Program Files (x86)\Arduino\lib\batik-xml-1.8.jar;C:\Program Files (x86)\Arduino\lib\bcpg-jdk15on-152.jar;C:\Program Files (x86)\Arduino\lib\bcprov-jdk15on-152.jar;C:\Program Files (x86)\Arduino\lib\commons-codec-1.7.jar;C:\Program Files (x86)\Arduino\lib\commons-compress-1.8.jar;C:\Program Files (x86)\Arduino\lib\commons-exec-1.1.jar;C:\Program Files (x86)\Arduino\lib\commons-httpclient-3.1.jar;C:\Program Files (x86)\Arduino\lib\commons-lang3-3.3.2.jar;C:\Program Files (x86)\Arduino\lib\commons-logging-1.0.4.jar;C:\Program Files (x86)\Arduino\lib\commons-net-3.3.jar;C:\Program Files (x86)\Arduino\lib\jackson-annotations-2.6.3.jar;C:\Program Files (x86)\Arduino\lib\jackson-core-2.6.3.jar;C:\Program Files (x86)\Arduino\lib\jackson-databind-2.6.3.jar;C:\Program Files (x86)\Arduino\lib\jackson-module-mrbean-2.6.3.jar;C:\Program Files (x86)\Arduino\lib\java-semver-0.8.0.jar;C:\Program Files (x86)\Arduino\lib\jmdns-3.4.1.j
Launcher Type: SUN_STANDARD

Environment Variables:
PATH=C:\WinAVR-20100110\bin;C:\WinAVR-20100110\utils\bin;C:\Python27\;C:\Python27\Scripts;C:\ProgramData\Oracle\Java\javapath;C:\WINDOWS\system32;C:\WINDOWS;C:\WINDOWS\System32\Wbem;C:\WINDOWS\System32\WindowsPowerShell\v1.0\;C:\Program Files (x86)\Bitvise SSH Client;C:\Program Files (x86)\Skype\Phone\;C:\Program Files\Git\cmd;C:\Program Files\Perforce\DVCS\;C:\Program Files (x86)\IVI Foundation\IVI\bin;C:\Program Files\IVI Foundation\IVI\bin;C:\Program Files (x86)\IVI Foundation\VISA\WinNT\Bin\;C:\Program Files\IVI Foundation\VISA\Win64\Bin\;C:\Program Files (x86)\IVI Foundation\VISA\WinNT\Bin;C:\Program Files\Docker Toolbox;C:\Users\passp\AppData\Local\Microsoft\WindowsApps;C:\Program Files (x86)\Nmap;C:\Program Files (x86)\Microsoft VS Code\bin;C:\Program Files (x86)\Arduino\java\bin
USERNAME=passp
OS=Windows_NT
PROCESSOR_IDENTIFIER=AMD64 Family 16 Model 10 Stepping 0, AuthenticAMD



---------------  S Y S T E M  ---------------

OS: Windows 10.0 , 64 bit Build 14393 (10.0.14393.0)

CPU:total 6 (6 cores per cpu, 1 threads per core) family 16 model 10 stepping 0, cmov, cx8, fxsr, mmx, sse, sse2, sse3, popcnt, mmxext, 3dnowpref, lzcnt, sse4a, tsc, tscinvbit, tscinv

Memory: 4k page, physical 16513076k(8495724k free), swap 21750248k(5069436k free)

vm_info: Java HotSpot(TM) Client VM (25.111-b14) for windows-x86 JRE (1.8.0_111-b14), built on Sep 22 2016 18:54:33 by "java_re" with MS VC++ 10.0 (VS2010)

time: Tue May 02 14:21:54 2017
elapsed time: 3010306 seconds (34d 20h 11m 46s)

